<?xml version="1.0" encoding="UTF-8"?>
<coverage generated="1668747547348" clover="3.2.0">
  <project timestamp="1668747547348" name="All files">
    <metrics statements="10" coveredstatements="10" conditionals="0" coveredconditionals="0" methods="0" coveredmethods="0" elements="10" coveredelements="10" complexity="0" loc="10" ncloc="10" packages="1" files="1" classes="1"/>
    <file name="Tile.jsx" path="/Users/christelleq/Documents/dev/projects/wordle/src/components/atoms/Tile.jsx">
      <metrics statements="10" coveredstatements="10" conditionals="0" coveredconditionals="0" methods="0" coveredmethods="0"/>
      <line num="1" count="1" type="stmt"/>
      <line num="2" count="1" type="stmt"/>
      <line num="3" count="1" type="stmt"/>
      <line num="4" count="1" type="stmt"/>
      <line num="5" count="1" type="stmt"/>
      <line num="6" count="1" type="stmt"/>
      <line num="7" count="1" type="stmt"/>
      <line num="8" count="1" type="stmt"/>
      <line num="9" count="1" type="stmt"/>
      <line num="10" count="1" type="stmt"/>
    </file>
  </project>
</coverage>
